<?xml version="1.0" encoding="UTF-8"?>
<!-- Generated by org.testng.reporters.JUnitReportReporter -->
<testsuite skipped="0" hostname="GirishPC" name="com.Eservices.Tests.LoginTest" tests="1" failures="0" timestamp="07 Sep 2019 10:54:09 GMT" time="1.061" errors="0">
  <testcase name="Getdetails" time="1.061" classname="com.Eservices.Tests.LoginTest"/>
</testsuite> <!-- com.Eservices.Tests.LoginTest -->
